[2022-10-25 20:54:28] [ DEBUG] [CategoryService:57] Creating new category...
[2022-10-25 21:03:23] [ DEBUG] [CategoryService:57] Creating new category...
[2022-10-25 21:03:24] [ INFO ] [CategoryService:60] The category was created successfully.
[2022-10-25 21:03:24] [ DEBUG] [CategoryService:45] Searching category with id: 1
[2022-10-25 21:15:24] [ DEBUG] [CategoryService:57] Creating new category...
[2022-10-25 21:15:25] [ INFO ] [CategoryService:60] The category was created successfully.
[2022-10-25 21:15:25] [ DEBUG] [CategoryService:45] Searching category with id: 1
[2022-10-25 21:17:17] [ DEBUG] [CategoryService:45] Searching category with id: 1
[2022-10-25 21:18:28] [ DEBUG] [CategoryService:45] Searching category with id: 1
[2022-10-25 21:26:03] [ DEBUG] [CategoryService:32] Searching all categories...
[2022-10-25 21:26:03] [ INFO ] [CategoryService:39] Listing all categories...
[2022-10-25 21:36:38] [ DEBUG] [CategoryService:71] Updating category...
[2022-10-25 21:36:39] [ INFO ] [CategoryService:77] The category was updated successfully.
[2022-10-25 21:53:03] [ DEBUG] [CategoryService:85] Deleting category...
[2022-10-25 21:53:04] [ DEBUG] [CategoryService:45] Searching category with id: 1
[2022-10-30 18:53:02] [ DEBUG] [CategoryService:32] Searching all categories...
[2022-10-30 18:53:02] [ INFO ] [CategoryService:39] Listing all categories...
[2022-10-30 18:53:38] [ DEBUG] [CategoryService:45] Searching category with id: 1
[2022-10-30 18:54:21] [ DEBUG] [CategoryService:57] Creating new category...
[2022-10-30 18:54:23] [ INFO ] [CategoryService:60] The category was created successfully.
[2022-10-30 18:54:23] [ DEBUG] [CategoryService:45] Searching category with id: 1
[2022-11-02 19:17:25] [ DEBUG] [CategoryService:32] Searching all categories...
[2022-11-02 19:17:25] [ INFO ] [CategoryService:39] Listing all categories...
[2022-11-02 19:17:25] [ DEBUG] [CategoryService:45] Searching category with id: 1
[2022-11-02 19:17:26] [ DEBUG] [CategoryService:57] Creating new category...
[2022-11-02 19:27:19] [ DEBUG] [CategoryService:32] Searching all categories...
[2022-11-02 19:27:19] [ INFO ] [CategoryService:39] Listing all categories...
[2022-11-02 19:27:19] [ DEBUG] [CategoryService:45] Searching category with id: 1
[2022-11-02 19:27:20] [ DEBUG] [CategoryService:57] Creating new category...
[2022-11-02 19:45:02] [ DEBUG] [CategoryService:32] Searching all categories...
[2022-11-02 19:45:02] [ INFO ] [CategoryService:39] Listing all categories...
[2022-11-02 19:45:02] [ DEBUG] [CategoryService:45] Searching category with id: 1
[2022-11-02 19:45:03] [ DEBUG] [CategoryService:57] Creating new category...
[2022-11-02 19:46:47] [ DEBUG] [CategoryService:32] Searching all categories...
[2022-11-02 19:46:47] [ INFO ] [CategoryService:39] Listing all categories...
[2022-11-02 19:46:47] [ DEBUG] [CategoryService:45] Searching category with id: 1
[2022-11-02 19:46:48] [ DEBUG] [CategoryService:57] Creating new category...
[2022-11-02 19:50:33] [ DEBUG] [CategoryService:32] Searching all categories...
[2022-11-02 19:50:33] [ INFO ] [CategoryService:39] Listing all categories...
[2022-11-02 19:50:33] [ DEBUG] [CategoryService:45] Searching category with id: 1
[2022-11-02 19:50:34] [ DEBUG] [CategoryService:57] Creating new category...
[2022-11-02 19:59:02] [ DEBUG] [CategoryService:57] Creating new category...
[2022-11-02 19:59:04] [ DEBUG] [CategoryService:32] Searching all categories...
[2022-11-02 19:59:04] [ INFO ] [CategoryService:39] Listing all categories...
[2022-11-02 19:59:04] [ DEBUG] [CategoryService:45] Searching category with id: 1
[2022-11-02 20:04:19] [ DEBUG] [CategoryService:57] Creating new category...
[2022-11-02 20:04:21] [ DEBUG] [CategoryService:32] Searching all categories...
[2022-11-02 20:04:21] [ INFO ] [CategoryService:39] Listing all categories...
[2022-11-02 20:04:21] [ DEBUG] [CategoryService:45] Searching category with id: 1
[2022-11-02 20:07:55] [ DEBUG] [CategoryService:57] Creating new category...
[2022-11-02 20:07:57] [ DEBUG] [CategoryService:32] Searching all categories...
[2022-11-02 20:07:57] [ INFO ] [CategoryService:39] Listing all categories...
[2022-11-02 20:07:57] [ DEBUG] [CategoryService:45] Searching category with id: 1
[2022-11-02 20:12:27] [ DEBUG] [CategoryService:57] Creating new category...
[2022-11-02 20:12:29] [ DEBUG] [CategoryService:32] Searching all categories...
[2022-11-02 20:12:29] [ INFO ] [CategoryService:39] Listing all categories...
[2022-11-02 20:12:29] [ DEBUG] [CategoryService:45] Searching category with id: 1
[2022-11-02 20:17:35] [ DEBUG] [CategoryService:57] Creating new category...
[2022-11-02 20:17:37] [ DEBUG] [CategoryService:32] Searching all categories...
[2022-11-02 20:17:37] [ INFO ] [CategoryService:39] Listing all categories...
[2022-11-02 20:17:37] [ DEBUG] [CategoryService:45] Searching category with id: 1
[2022-11-02 20:21:41] [ DEBUG] [CategoryService:57] Creating new category...
[2022-11-02 20:21:43] [ DEBUG] [CategoryService:32] Searching all categories...
[2022-11-02 20:21:43] [ INFO ] [CategoryService:39] Listing all categories...
[2022-11-02 20:21:43] [ DEBUG] [CategoryService:45] Searching category with id: 1
[2022-11-02 20:29:38] [ DEBUG] [CategoryService:57] Creating new category...
[2022-11-02 20:29:38] [ INFO ] [CategoryService:59] The category was created successfully.
[2022-11-02 20:29:40] [ DEBUG] [CategoryService:32] Searching all categories...
[2022-11-02 20:29:40] [ INFO ] [CategoryService:39] Listing all categories...
[2022-11-02 20:29:40] [ DEBUG] [CategoryService:45] Searching category with id: 1
[2022-11-02 20:40:27] [ DEBUG] [CategoryService:57] Creating new category...
[2022-11-02 20:40:27] [ INFO ] [CategoryService:59] The category was created successfully.
[2022-11-02 20:40:28] [ DEBUG] [CategoryService:45] Searching category with id: 1
[2022-11-02 20:40:29] [ DEBUG] [CategoryService:32] Searching all categories...
[2022-11-02 20:40:29] [ INFO ] [CategoryService:39] Listing all categories...
[2022-11-02 20:40:29] [ DEBUG] [CategoryService:45] Searching category with id: 1
[2022-11-02 20:40:30] [ DEBUG] [CategoryService:70] Updating category...
[2022-11-02 20:40:30] [ INFO ] [CategoryService:76] The category was updated successfully.
[2022-11-02 20:40:31] [ DEBUG] [CategoryService:84] Deleting category...
[2022-11-02 20:40:31] [ DEBUG] [CategoryService:45] Searching category with id: 1
[2022-11-02 20:47:28] [ DEBUG] [CategoryService:57] Creating new category...
[2022-11-02 20:47:28] [ INFO ] [CategoryService:59] The category was created successfully.
[2022-11-02 20:47:30] [ DEBUG] [CategoryService:45] Searching category with id: 1
[2022-11-02 20:47:31] [ DEBUG] [CategoryService:32] Searching all categories...
[2022-11-02 20:47:31] [ INFO ] [CategoryService:39] Listing all categories...
[2022-11-02 20:47:31] [ DEBUG] [CategoryService:45] Searching category with id: 1
[2022-11-02 20:55:44] [ DEBUG] [CategoryService:57] Creating new category...
[2022-11-02 20:55:44] [ INFO ] [CategoryService:59] The category was created successfully.
[2022-11-02 20:55:46] [ DEBUG] [CategoryService:45] Searching category with id: 1
[2022-11-02 20:55:47] [ DEBUG] [CategoryService:32] Searching all categories...
[2022-11-02 20:55:47] [ INFO ] [CategoryService:39] Listing all categories...
[2022-11-02 20:55:47] [ DEBUG] [CategoryService:45] Searching category with id: 1
[2022-11-02 20:57:36] [ DEBUG] [CategoryService:57] Creating new category...
[2022-11-02 20:57:36] [ INFO ] [CategoryService:59] The category was created successfully.
[2022-11-02 20:57:38] [ DEBUG] [CategoryService:45] Searching category with id: 1
[2022-11-02 20:57:39] [ DEBUG] [CategoryService:32] Searching all categories...
[2022-11-02 20:57:39] [ INFO ] [CategoryService:39] Listing all categories...
[2022-11-02 20:57:39] [ DEBUG] [CategoryService:45] Searching category with id: 1
[2022-11-02 20:59:57] [ DEBUG] [CategoryService:57] Creating new category...
[2022-11-02 20:59:57] [ INFO ] [CategoryService:59] The category was created successfully.
[2022-11-02 20:59:58] [ DEBUG] [CategoryService:45] Searching category with id: 1
[2022-11-02 20:59:59] [ DEBUG] [CategoryService:32] Searching all categories...
[2022-11-02 20:59:59] [ INFO ] [CategoryService:39] Listing all categories...
[2022-11-02 20:59:59] [ DEBUG] [CategoryService:45] Searching category with id: 1
[2022-11-03 19:34:14] [ DEBUG] [CategoryService:57] Creating new category...
[2022-11-03 19:34:14] [ INFO ] [CategoryService:59] The category was created successfully.
[2022-11-03 19:34:15] [ DEBUG] [CategoryService:45] Searching category with id: 1
[2022-11-03 19:34:16] [ DEBUG] [CategoryService:32] Searching all categories...
[2022-11-03 19:34:16] [ INFO ] [CategoryService:39] Listing all categories...
[2022-11-03 19:34:16] [ DEBUG] [CategoryService:45] Searching category with id: 1
[2022-11-03 19:34:18] [ DEBUG] [CategoryService:70] Updating category...
[2022-11-03 19:34:18] [ INFO ] [CategoryService:76] The category was updated successfully.
[2022-11-03 19:34:19] [ DEBUG] [CategoryService:84] Deleting category...
[2022-11-03 19:35:13] [ DEBUG] [CategoryService:57] Creating new category...
[2022-11-03 19:35:13] [ INFO ] [CategoryService:59] The category was created successfully.
[2022-11-03 19:35:15] [ DEBUG] [CategoryService:32] Searching all categories...
[2022-11-03 19:35:15] [ INFO ] [CategoryService:39] Listing all categories...
[2022-11-03 19:35:15] [ DEBUG] [CategoryService:45] Searching category with id: 10
[2022-11-03 19:35:17] [ DEBUG] [CategoryService:84] Deleting category...
[2022-11-03 19:36:29] [ DEBUG] [CategoryService:57] Creating new category...
[2022-11-03 19:36:30] [ INFO ] [CategoryService:59] The category was created successfully.
[2022-11-03 19:36:31] [ DEBUG] [CategoryService:32] Searching all categories...
[2022-11-03 19:36:31] [ INFO ] [CategoryService:39] Listing all categories...
[2022-11-03 19:36:31] [ DEBUG] [CategoryService:45] Searching category with id: 10
[2022-11-03 19:38:09] [ DEBUG] [CategoryService:57] Creating new category...
[2022-11-03 19:38:09] [ INFO ] [CategoryService:59] The category was created successfully.
[2022-11-03 19:38:10] [ DEBUG] [CategoryService:45] Searching category with id: 15
[2022-11-03 19:38:12] [ DEBUG] [CategoryService:32] Searching all categories...
[2022-11-03 19:38:12] [ INFO ] [CategoryService:39] Listing all categories...
[2022-11-03 19:38:12] [ DEBUG] [CategoryService:45] Searching category with id: 15
[2022-11-08 21:15:06] [ DEBUG] [CategoryService:57] Creating new category...
[2022-11-08 21:15:06] [ INFO ] [CategoryService:59] The category was created successfully.
[2022-11-08 21:15:07] [ DEBUG] [CategoryService:45] Searching category with id: 15
[2022-11-08 21:15:08] [ DEBUG] [CategoryService:32] Searching all categories...
[2022-11-08 21:15:08] [ INFO ] [CategoryService:39] Listing all categories...
[2022-11-08 21:15:08] [ DEBUG] [CategoryService:45] Searching category with id: 15
[2022-11-08 21:16:11] [ DEBUG] [CategoryService:57] Creating new category...
[2022-11-08 21:16:11] [ INFO ] [CategoryService:59] The category was created successfully.
[2022-11-08 21:16:12] [ DEBUG] [CategoryService:45] Searching category with id: 15
[2022-11-08 21:16:14] [ DEBUG] [CategoryService:32] Searching all categories...
[2022-11-08 21:16:14] [ INFO ] [CategoryService:39] Listing all categories...
[2022-11-08 21:16:14] [ DEBUG] [CategoryService:45] Searching category with id: 15
[2022-11-15 22:12:30] [ DEBUG] [CategoryService:62] Creating new category...
[2022-11-15 22:12:30] [ INFO ] [CategoryService:64] The category was created successfully.
[2022-11-15 22:12:31] [ DEBUG] [CategoryService:50] Searching category with id: 15
[2022-11-15 22:12:33] [ DEBUG] [CategoryService:37] Searching all categories...
[2022-11-15 22:12:33] [ INFO ] [CategoryService:44] Listing all categories...
[2022-11-15 22:12:33] [ DEBUG] [CategoryService:50] Searching category with id: 15
[2022-11-15 22:12:34] [ DEBUG] [CityService:47] Creating new city...
[2022-11-15 22:12:34] [ INFO ] [CityService:49] The city was created successfully.
[2022-11-15 22:12:34] [ DEBUG] [CityService:36] Searching city with id: 1
[2022-11-15 22:12:35] [ DEBUG] [CityService:30] Searching all cities...
[2022-11-15 22:12:35] [ DEBUG] [CityService:36] Searching city with id: 1
[2022-11-15 22:12:36] [ DEBUG] [CityService:60] Updating city...
[2022-11-15 22:12:37] [ INFO ] [CityService:66] The city was updated successfully.
[2022-11-15 22:12:37] [ ERROR] [FavoriteService:26] The user o product entered is null.
[2022-11-15 22:12:37] [ DEBUG] [ProductService:101] Creating new product...
[2022-11-15 22:12:39] [ DEBUG] [ProductService:76] Searching all products...
[2022-11-15 22:12:39] [ DEBUG] [ProductService:89] Searching product with id: 30
[2022-11-15 22:15:43] [ DEBUG] [CategoryService:62] Creating new category...
[2022-11-15 22:15:44] [ INFO ] [CategoryService:64] The category was created successfully.
[2022-11-15 22:15:45] [ DEBUG] [CategoryService:50] Searching category with id: 15
[2022-11-15 22:15:46] [ DEBUG] [CategoryService:37] Searching all categories...
[2022-11-15 22:15:46] [ INFO ] [CategoryService:44] Listing all categories...
[2022-11-15 22:15:46] [ DEBUG] [CategoryService:50] Searching category with id: 15
[2022-11-15 22:15:48] [ DEBUG] [CityService:47] Creating new city...
[2022-11-15 22:15:48] [ INFO ] [CityService:49] The city was created successfully.
[2022-11-15 22:15:48] [ DEBUG] [CityService:36] Searching city with id: 1
[2022-11-15 22:15:49] [ DEBUG] [CityService:30] Searching all cities...
[2022-11-15 22:15:49] [ DEBUG] [CityService:36] Searching city with id: 1
[2022-11-15 22:15:50] [ DEBUG] [CityService:60] Updating city...
[2022-11-15 22:15:51] [ INFO ] [CityService:66] The city was updated successfully.
[2022-11-15 22:15:51] [ DEBUG] [FavoriteService:29] Finding user and product favorite...
[2022-11-15 22:15:52] [ DEBUG] [ProductService:101] Creating new product...
[2022-11-15 22:15:54] [ DEBUG] [ProductService:76] Searching all products...
[2022-11-15 22:15:54] [ DEBUG] [ProductService:89] Searching product with id: 30
[2022-11-15 22:18:39] [ DEBUG] [CategoryService:62] Creating new category...
[2022-11-15 22:18:39] [ INFO ] [CategoryService:64] The category was created successfully.
[2022-11-15 22:18:40] [ DEBUG] [CategoryService:50] Searching category with id: 15
[2022-11-15 22:18:41] [ DEBUG] [CategoryService:37] Searching all categories...
[2022-11-15 22:18:41] [ INFO ] [CategoryService:44] Listing all categories...
[2022-11-15 22:18:41] [ DEBUG] [CategoryService:50] Searching category with id: 15
[2022-11-15 22:18:43] [ DEBUG] [CityService:47] Creating new city...
[2022-11-15 22:18:43] [ INFO ] [CityService:49] The city was created successfully.
[2022-11-15 22:18:43] [ DEBUG] [CityService:36] Searching city with id: 1
[2022-11-15 22:18:44] [ DEBUG] [CityService:30] Searching all cities...
[2022-11-15 22:18:44] [ DEBUG] [CityService:36] Searching city with id: 1
[2022-11-15 22:18:46] [ DEBUG] [CityService:60] Updating city...
[2022-11-15 22:18:46] [ INFO ] [CityService:66] The city was updated successfully.
[2022-11-15 22:18:46] [ DEBUG] [FavoriteService:29] Finding user and product favorite...
[2022-11-15 22:18:47] [ DEBUG] [ProductService:101] Creating new product...
[2022-11-15 22:18:49] [ DEBUG] [ProductService:76] Searching all products...
[2022-11-15 22:18:49] [ DEBUG] [ProductService:89] Searching product with id: 30
[2022-11-15 22:21:04] [ DEBUG] [CategoryService:62] Creating new category...
[2022-11-15 22:21:04] [ INFO ] [CategoryService:64] The category was created successfully.
[2022-11-15 22:21:05] [ DEBUG] [CategoryService:50] Searching category with id: 15
[2022-11-15 22:21:07] [ DEBUG] [CategoryService:37] Searching all categories...
[2022-11-15 22:21:07] [ INFO ] [CategoryService:44] Listing all categories...
[2022-11-15 22:21:07] [ DEBUG] [CategoryService:50] Searching category with id: 15
[2022-11-15 22:21:08] [ DEBUG] [CityService:47] Creating new city...
[2022-11-15 22:21:09] [ INFO ] [CityService:49] The city was created successfully.
[2022-11-15 22:21:09] [ DEBUG] [CityService:36] Searching city with id: 1
[2022-11-15 22:21:09] [ DEBUG] [CityService:30] Searching all cities...
[2022-11-15 22:21:10] [ DEBUG] [CityService:36] Searching city with id: 1
[2022-11-15 22:21:11] [ DEBUG] [CityService:60] Updating city...
[2022-11-15 22:21:12] [ INFO ] [CityService:66] The city was updated successfully.
[2022-11-15 22:21:12] [ DEBUG] [FavoriteService:29] Finding user and product favorite...
[2022-11-15 22:21:13] [ DEBUG] [ProductService:101] Creating new product...
[2022-11-15 22:21:16] [ DEBUG] [ProductService:76] Searching all products...
[2022-11-15 22:21:16] [ DEBUG] [ProductService:89] Searching product with id: 30
[2022-11-16 18:42:42] [ DEBUG] [CategoryService:62] Creating new category...
[2022-11-16 18:42:43] [ INFO ] [CategoryService:64] The category was created successfully.
[2022-11-16 18:42:44] [ DEBUG] [CategoryService:50] Searching category with id: 15
[2022-11-16 18:42:45] [ DEBUG] [CategoryService:37] Searching all categories...
[2022-11-16 18:42:45] [ INFO ] [CategoryService:44] Listing all categories...
[2022-11-16 18:42:45] [ DEBUG] [CategoryService:50] Searching category with id: 15
[2022-11-16 18:42:47] [ DEBUG] [CityService:47] Creating new city...
[2022-11-16 18:42:48] [ INFO ] [CityService:49] The city was created successfully.
[2022-11-16 18:42:48] [ DEBUG] [CityService:36] Searching city with id: 1
[2022-11-16 18:42:48] [ DEBUG] [CityService:30] Searching all cities...
[2022-11-16 18:42:49] [ DEBUG] [CityService:36] Searching city with id: 1
[2022-11-16 18:42:50] [ DEBUG] [CityService:60] Updating city...
[2022-11-16 18:42:51] [ INFO ] [CityService:66] The city was updated successfully.
[2022-11-16 18:42:51] [ DEBUG] [FavoriteService:29] Finding user and product favorite...
[2022-11-16 18:42:53] [ DEBUG] [ProductService:76] Searching all products...
[2022-11-16 18:42:53] [ DEBUG] [ProductService:89] Searching product with id: 30
[2022-11-16 19:00:51] [ DEBUG] [CategoryService:62] Creating new category...
[2022-11-16 19:00:51] [ INFO ] [CategoryService:64] The category was created successfully.
[2022-11-16 19:00:55] [ DEBUG] [CategoryService:50] Searching category with id: 15
[2022-11-16 19:00:58] [ DEBUG] [CategoryService:37] Searching all categories...
[2022-11-16 19:00:58] [ INFO ] [CategoryService:44] Listing all categories...
[2022-11-16 19:00:58] [ DEBUG] [CategoryService:50] Searching category with id: 15
[2022-11-16 19:01:04] [ DEBUG] [CityService:47] Creating new city...
[2022-11-16 19:01:05] [ INFO ] [CityService:49] The city was created successfully.
[2022-11-16 19:01:05] [ DEBUG] [CityService:36] Searching city with id: 1
[2022-11-16 19:01:07] [ DEBUG] [CityService:30] Searching all cities...
[2022-11-16 19:01:09] [ DEBUG] [CityService:36] Searching city with id: 1
[2022-11-16 19:01:14] [ DEBUG] [CityService:60] Updating city...
[2022-11-16 19:01:16] [ INFO ] [CityService:66] The city was updated successfully.
[2022-11-16 19:01:16] [ DEBUG] [FavoriteService:29] Finding user and product favorite...
[2022-11-16 19:01:24] [ DEBUG] [ProductService:76] Searching all products...
[2022-11-16 19:01:24] [ DEBUG] [ProductService:89] Searching product with id: 30
